0 info it worked if it ends with ok
1 verbose cli [ '/usr/bin/nodejs', '/usr/bin/npm', 'run', 'jshint' ]
2 info using npm@3.3.12
3 info using node@v5.5.0
4 verbose run-script [ 'prejshint', 'jshint', 'postjshint' ]
5 info lifecycle smartlogic-visualisation@1.3.1~prejshint: smartlogic-visualisation@1.3.1
6 silly lifecycle smartlogic-visualisation@1.3.1~prejshint: no script for prejshint, continuing
7 info lifecycle smartlogic-visualisation@1.3.1~jshint: smartlogic-visualisation@1.3.1
8 verbose lifecycle smartlogic-visualisation@1.3.1~jshint: unsafe-perm in lifecycle true
9 verbose lifecycle smartlogic-visualisation@1.3.1~jshint: PATH: /usr/lib/node_modules/npm/bin/node-gyp-bin:/home/abdouls/github/Visualisation/node_modules/.bin:/home/abdouls/Apps/hdt-it:/home/abdouls/bin:/usr/local/sbin:/usr/local/bin:/usr/sbin:/usr/bin:/sbin:/bin:/usr/games:/usr/local/games:/home/abdouls/bin
10 verbose lifecycle smartlogic-visualisation@1.3.1~jshint: CWD: /home/abdouls/github/Visualisation
11 silly lifecycle smartlogic-visualisation@1.3.1~jshint: Args: [ '-c', 'jshint .' ]
12 silly lifecycle smartlogic-visualisation@1.3.1~jshint: Returned: code: 2  signal: null
13 info lifecycle smartlogic-visualisation@1.3.1~jshint: Failed to exec jshint script
14 verbose stack Error: smartlogic-visualisation@1.3.1 jshint: `jshint .`
14 verbose stack Exit status 2
14 verbose stack     at EventEmitter.<anonymous> (/usr/lib/node_modules/npm/lib/utils/lifecycle.js:232:16)
14 verbose stack     at emitTwo (events.js:100:13)
14 verbose stack     at EventEmitter.emit (events.js:185:7)
14 verbose stack     at ChildProcess.<anonymous> (/usr/lib/node_modules/npm/lib/utils/spawn.js:24:14)
14 verbose stack     at emitTwo (events.js:100:13)
14 verbose stack     at ChildProcess.emit (events.js:185:7)
14 verbose stack     at maybeClose (internal/child_process.js:821:16)
14 verbose stack     at Process.ChildProcess._handle.onexit (internal/child_process.js:211:5)
15 verbose pkgid smartlogic-visualisation@1.3.1
16 verbose cwd /home/abdouls/github/Visualisation
17 error Linux 3.19.0-49-generic
18 error argv "/usr/bin/nodejs" "/usr/bin/npm" "run" "jshint"
19 error node v5.5.0
20 error npm  v3.3.12
21 error code ELIFECYCLE
22 error smartlogic-visualisation@1.3.1 jshint: `jshint .`
22 error Exit status 2
23 error Failed at the smartlogic-visualisation@1.3.1 jshint script 'jshint .'.
23 error Make sure you have the latest version of node.js and npm installed.
23 error If you do, this is most likely a problem with the smartlogic-visualisation package,
23 error not with npm itself.
23 error Tell the author that this fails on your system:
23 error     jshint .
23 error You can get their info via:
23 error     npm owner ls smartlogic-visualisation
23 error There is likely additional logging output above.
24 verbose exit [ 1, true ]
